<?xml version="1.0" encoding="utf-8"?><testsuites name="pytest tests"><testsuite name="pytest" errors="0" failures="0" skipped="0" tests="21" time="5.593" timestamp="2026-03-31T07:04:03.244822+00:00" hostname="agent-env-3e92be03-c5c9-4713-9a9b-11ae522dc53b"><testcase classname="backend.tests.test_propbharat.TestHealth" name="test_api_root" time="0.301" /><testcase classname="backend.tests.test_propbharat.TestAuth" name="test_login_admin" time="0.327" /><testcase classname="backend.tests.test_propbharat.TestAuth" name="test_login_invalid" time="0.393" /><testcase classname="backend.tests.test_propbharat.TestAuth" name="test_register_and_me" time="0.440" /><testcase classname="backend.tests.test_propbharat.TestAuth" name="test_duplicate_register" time="0.098" /><testcase classname="backend.tests.test_propbharat.TestAuth" name="test_logout" time="0.647" /><testcase classname="backend.tests.test_propbharat.TestProperties" name="test_get_properties" time="0.099" /><testcase classname="backend.tests.test_propbharat.TestProperties" name="test_filter_by_city" time="0.133" /><testcase classname="backend.tests.test_propbharat.TestProperties" name="test_filter_by_cat_buy" time="0.111" /><testcase classname="backend.tests.test_propbharat.TestProperties" name="test_filter_by_type" time="0.098" /><testcase classname="backend.tests.test_propbharat.TestProperties" name="test_search" time="0.100" /><testcase classname="backend.tests.test_propbharat.TestProperties" name="test_get_single_property" time="0.107" /><testcase classname="backend.tests.test_propbharat.TestProperties" name="test_property_not_found" time="0.096" /><testcase classname="backend.tests.test_propbharat.TestProperties" name="test_create_property_requires_auth" time="0.103" /><testcase classname="backend.tests.test_propbharat.TestLeads" name="test_submit_lead" time="0.102" /><testcase classname="backend.tests.test_propbharat.TestLeads" name="test_get_leads_requires_auth" time="0.098" /><testcase classname="backend.tests.test_propbharat.TestAdmin" name="test_admin_stats" time="0.415" /><testcase classname="backend.tests.test_propbharat.TestAdmin" name="test_admin_users" time="0.421" /><testcase classname="backend.tests.test_propbharat.TestAdmin" name="test_admin_properties" time="0.441" /><testcase classname="backend.tests.test_propbharat.TestAdmin" name="test_admin_leads" time="0.443" /><testcase classname="backend.tests.test_propbharat.TestAdmin" name="test_admin_required_for_stats" time="0.533" /></testsuite></testsuites>